<?xml version="1.0" encoding="UTF-8"?>
<!-- Generated by org.testng.reporters.JUnitXMLReporter -->
<testsuite hostname="NTLT09" name="Default test" tests="1" failures="0" timestamp="18 Mar 2021 08:58:22 GMT" time="0.027" errors="0">
  <testcase name="@BeforeMethod openapp" time="0.0" classname="regressiontestscript.Highlevel_regression">
    <failure type="org.testng.TestNGException" message="
Parameter &amp;apos;browsername&amp;apos; is required by @Configuration on method openapp but has not been marked @Optional or defined
in C:\Users\Neel-Tech_012018_One\AppData\Local\Temp\testng-eclipse--1260233909\testng-customsuite.xml">
      <![CDATA[org.testng.TestNGException: 
Parameter 'browsername' is required by @Configuration on method openapp but has not been marked @Optional or defined
in C:\Users\Neel-Tech_012018_One\AppData\Local\Temp\testng-eclipse--1260233909\testng-customsuite.xml
	at org.testng.internal.Parameters.createParameters(Parameters.java:159)
	at org.testng.internal.Parameters.createParameters(Parameters.java:372)
	at org.testng.internal.Parameters.createConfigurationParameters(Parameters.java:90)
	at org.testng.internal.Invoker.invokeConfigurations(Invoker.java:199)
	at org.testng.internal.Invoker.invokeMethod(Invoker.java:605)
	at org.testng.internal.Invoker.invokeTestMethod(Invoker.java:849)
	at org.testng.internal.Invoker.invokeTestMethods(Invoker.java:1157)
	at org.testng.internal.TestMethodWorker.invokeTestMethods(TestMethodWorker.java:124)
	at org.testng.internal.TestMethodWorker.run(TestMethodWorker.java:108)
	at org.testng.TestRunner.privateRun(TestRunner.java:771)
	at org.testng.TestRunner.run(TestRunner.java:621)
	at org.testng.SuiteRunner.runTest(SuiteRunner.java:357)
	at org.testng.SuiteRunner.runSequentially(SuiteRunner.java:352)
	at org.testng.SuiteRunner.privateRun(SuiteRunner.java:310)
	at org.testng.SuiteRunner.run(SuiteRunner.java:259)
	at org.testng.SuiteRunnerWorker.runSuite(SuiteRunnerWorker.java:52)
	at org.testng.SuiteRunnerWorker.run(SuiteRunnerWorker.java:86)
	at org.testng.TestNG.runSuitesSequentially(TestNG.java:1200)
	at org.testng.TestNG.runSuitesLocally(TestNG.java:1125)
	at org.testng.TestNG.run(TestNG.java:1033)
	at org.testng.remote.RemoteTestNG.run(RemoteTestNG.java:111)
	at org.testng.remote.RemoteTestNG.initAndRun(RemoteTestNG.java:204)
	at org.testng.remote.RemoteTestNG.main(RemoteTestNG.java:175)
]]>
    </failure>
  </testcase> <!-- @BeforeMethod openapp -->
  <testcase name="@AfterMethod closeapp" time="0.0" classname="regressiontestscript.Highlevel_regression">
    <skipped/>
  </testcase> <!-- @AfterMethod closeapp -->
  <testcase name="validloginlogout_session1" time="0.003" classname="regressiontestscript.Highlevel_regression">
    <skipped/>
  </testcase> <!-- validloginlogout_session1 -->
</testsuite> <!-- Default test -->
