<?xml version="1.0" encoding="UTF-8"?>
<testng-results skipped="0" failed="1" total="1" passed="0">
  <reporter-output>
    <line>
      <![CDATA[[[FirefoxDriver: firefox on WINDOWS (6e80a32b-abb1-4db8-90f7-60c5346de425)] -> xpath: //input[@id='Email']] found]]>
    </line>
    <line>
      <![CDATA[[[FirefoxDriver: firefox on WINDOWS (6e80a32b-abb1-4db8-90f7-60c5346de425)] -> xpath: //input[@id='Password']] found]]>
    </line>
    <line>
      <![CDATA[[[FirefoxDriver: firefox on WINDOWS (6e80a32b-abb1-4db8-90f7-60c5346de425)] -> xpath: //div[@data-instituteid='5']] found]]>
    </line>
    <line>
      <![CDATA[Proxy element for: DefaultElementLocator 'By.xpath: //input[@id='addNewMenu']' is not clickable]]>
    </line>
  </reporter-output>
  <suite name="Default suite" duration-ms="54796" started-at="2021-03-23T11:44:22Z" finished-at="2021-03-23T11:45:17Z">
    <groups>
    </groups>
    <test name="Test on chrome" duration-ms="8" started-at="2021-03-23T11:44:22Z" finished-at="2021-03-23T11:44:22Z">
      <class name="regressiontestscript.ValidLoginlogout_session2">
        <test-method status="PASS" signature="setUP()[pri:0, instance:regressiontestscript.ValidLoginlogout_session2@4c203ea1]" name="setUP" is-config="true" duration-ms="266" started-at="2021-03-23T17:14:22Z" finished-at="2021-03-23T17:14:22Z">
          <reporter-output>
          </reporter-output>
        </test-method> <!-- setUP -->
        <test-method status="PASS" signature="Teardown()[pri:0, instance:regressiontestscript.ValidLoginlogout_session2@4c203ea1]" name="Teardown" is-config="true" duration-ms="362" started-at="2021-03-23T17:15:17Z" finished-at="2021-03-23T17:15:17Z">
          <reporter-output>
          </reporter-output>
        </test-method> <!-- Teardown -->
      </class> <!-- regressiontestscript.ValidLoginlogout_session2 -->
    </test> <!-- Test on chrome -->
    <test name="Test on firefox" duration-ms="54796" started-at="2021-03-23T11:44:22Z" finished-at="2021-03-23T11:45:17Z">
      <class name="regressiontestscript.Highlevel_regression">
        <test-method status="PASS" signature="openapp(java.lang.String)[pri:0, instance:regressiontestscript.Highlevel_regression@4ec6a292]" name="openapp" is-config="true" duration-ms="14433" started-at="2021-03-23T17:14:22Z" finished-at="2021-03-23T17:14:36Z">
          <params>
            <param index="0">
              <value>
                <![CDATA[firefox]]>
              </value>
            </param>
          </params>
          <reporter-output>
          </reporter-output>
        </test-method> <!-- openapp -->
        <test-method status="FAIL" signature="validloginlogout_session1()[pri:0, instance:regressiontestscript.Highlevel_regression@4ec6a292]" name="validloginlogout_session1" duration-ms="40065" started-at="2021-03-23T17:14:36Z" finished-at="2021-03-23T17:15:16Z">
          <exception class="org.openqa.selenium.NoSuchElementException">
            <message>
              <![CDATA[Unable to locate element: //input[@id='addNewMenu']
For documentation on this error, please visit: https://www.seleniumhq.org/exceptions/no_such_element.html
Build info: version: '3.141.59', revision: 'e82be7d358', time: '2018-11-14T08:25:53'
System info: host: 'NTLT09', ip: '192.168.56.1', os.name: 'Windows 10', os.arch: 'amd64', os.version: '10.0', java.version: '1.8.0_281'
Driver info: org.openqa.selenium.firefox.FirefoxDriver
Capabilities {acceptInsecureCerts: true, browserName: firefox, browserVersion: 72.0.2, javascriptEnabled: true, moz:accessibilityChecks: false, moz:buildID: 20200117190643, moz:geckodriverVersion: 0.26.0, moz:headless: false, moz:processID: 16112, moz:profile: C:\Users\Neel-Tech_012018_O..., moz:shutdownTimeout: 60000, moz:useNonSpecCompliantPointerOrigin: false, moz:webdriverClick: true, pageLoadStrategy: normal, platform: WINDOWS, platformName: WINDOWS, platformVersion: 10.0, rotatable: false, setWindowRect: true, strictFileInteractability: false, timeouts: {implicit: 0, pageLoad: 300000, script: 30000}, unhandledPromptBehavior: dismiss and notify}
Session ID: 6e80a32b-abb1-4db8-90f7-60c5346de425
*** Element info: {Using=xpath, value=//input[@id='addNewMenu']}]]>
            </message>
            <full-stacktrace>
              <![CDATA[org.openqa.selenium.NoSuchElementException: Unable to locate element: //input[@id='addNewMenu']
For documentation on this error, please visit: https://www.seleniumhq.org/exceptions/no_such_element.html
Build info: version: '3.141.59', revision: 'e82be7d358', time: '2018-11-14T08:25:53'
System info: host: 'NTLT09', ip: '192.168.56.1', os.name: 'Windows 10', os.arch: 'amd64', os.version: '10.0', java.version: '1.8.0_281'
Driver info: org.openqa.selenium.firefox.FirefoxDriver
Capabilities {acceptInsecureCerts: true, browserName: firefox, browserVersion: 72.0.2, javascriptEnabled: true, moz:accessibilityChecks: false, moz:buildID: 20200117190643, moz:geckodriverVersion: 0.26.0, moz:headless: false, moz:processID: 16112, moz:profile: C:\Users\Neel-Tech_012018_O..., moz:shutdownTimeout: 60000, moz:useNonSpecCompliantPointerOrigin: false, moz:webdriverClick: true, pageLoadStrategy: normal, platform: WINDOWS, platformName: WINDOWS, platformVersion: 10.0, rotatable: false, setWindowRect: true, strictFileInteractability: false, timeouts: {implicit: 0, pageLoad: 300000, script: 30000}, unhandledPromptBehavior: dismiss and notify}
Session ID: 6e80a32b-abb1-4db8-90f7-60c5346de425
*** Element info: {Using=xpath, value=//input[@id='addNewMenu']}
	at sun.reflect.GeneratedConstructorAccessor20.newInstance(Unknown Source)
	at sun.reflect.DelegatingConstructorAccessorImpl.newInstance(DelegatingConstructorAccessorImpl.java:45)
	at java.lang.reflect.Constructor.newInstance(Constructor.java:423)
	at org.openqa.selenium.remote.http.W3CHttpResponseCodec.createException(W3CHttpResponseCodec.java:187)
	at org.openqa.selenium.remote.http.W3CHttpResponseCodec.decode(W3CHttpResponseCodec.java:122)
	at org.openqa.selenium.remote.http.W3CHttpResponseCodec.decode(W3CHttpResponseCodec.java:49)
	at org.openqa.selenium.remote.HttpCommandExecutor.execute(HttpCommandExecutor.java:158)
	at org.openqa.selenium.remote.service.DriverCommandExecutor.execute(DriverCommandExecutor.java:83)
	at org.openqa.selenium.remote.RemoteWebDriver.execute(RemoteWebDriver.java:552)
	at org.openqa.selenium.remote.RemoteWebDriver.findElement(RemoteWebDriver.java:323)
	at org.openqa.selenium.remote.RemoteWebDriver.findElementByXPath(RemoteWebDriver.java:428)
	at org.openqa.selenium.By$ByXPath.findElement(By.java:353)
	at org.openqa.selenium.remote.RemoteWebDriver.findElement(RemoteWebDriver.java:315)
	at org.openqa.selenium.support.pagefactory.DefaultElementLocator.findElement(DefaultElementLocator.java:69)
	at org.openqa.selenium.support.pagefactory.internal.LocatingElementHandler.invoke(LocatingElementHandler.java:38)
	at com.sun.proxy.$Proxy11.isDisplayed(Unknown Source)
	at pom_iAdmin.App_config.Clickappmmenu(App_config.java:52)
	at regressiontestscript.Highlevel_regression.validloginlogout_session1(Highlevel_regression.java:53)
	at sun.reflect.NativeMethodAccessorImpl.invoke0(Native Method)
	at sun.reflect.NativeMethodAccessorImpl.invoke(NativeMethodAccessorImpl.java:62)
	at sun.reflect.DelegatingMethodAccessorImpl.invoke(DelegatingMethodAccessorImpl.java:43)
	at java.lang.reflect.Method.invoke(Method.java:498)
	at org.testng.internal.MethodInvocationHelper.invokeMethod(MethodInvocationHelper.java:85)
	at org.testng.internal.Invoker.invokeMethod(Invoker.java:663)
	at org.testng.internal.Invoker.invokeTestMethod(Invoker.java:849)
	at org.testng.internal.Invoker.invokeTestMethods(Invoker.java:1157)
	at org.testng.internal.TestMethodWorker.invokeTestMethods(TestMethodWorker.java:124)
	at org.testng.internal.TestMethodWorker.run(TestMethodWorker.java:108)
	at org.testng.TestRunner.privateRun(TestRunner.java:771)
	at org.testng.TestRunner.run(TestRunner.java:621)
	at org.testng.SuiteRunner.runTest(SuiteRunner.java:357)
	at org.testng.SuiteRunner.access$000(SuiteRunner.java:38)
	at org.testng.SuiteRunner$SuiteWorker.run(SuiteRunner.java:391)
	at org.testng.internal.thread.ThreadUtil$2.call(ThreadUtil.java:64)
	at java.util.concurrent.FutureTask.run(FutureTask.java:266)
	at java.util.concurrent.ThreadPoolExecutor.runWorker(ThreadPoolExecutor.java:1149)
	at java.util.concurrent.ThreadPoolExecutor$Worker.run(ThreadPoolExecutor.java:624)
	at java.lang.Thread.run(Thread.java:748)
]]>
            </full-stacktrace>
          </exception> <!-- org.openqa.selenium.NoSuchElementException -->
          <reporter-output>
            <line>
              <![CDATA[[[FirefoxDriver: firefox on WINDOWS (6e80a32b-abb1-4db8-90f7-60c5346de425)] -> xpath: //input[@id='Email']] found]]>
            </line>
            <line>
              <![CDATA[[[FirefoxDriver: firefox on WINDOWS (6e80a32b-abb1-4db8-90f7-60c5346de425)] -> xpath: //input[@id='Password']] found]]>
            </line>
            <line>
              <![CDATA[[[FirefoxDriver: firefox on WINDOWS (6e80a32b-abb1-4db8-90f7-60c5346de425)] -> xpath: //div[@data-instituteid='5']] found]]>
            </line>
            <line>
              <![CDATA[Proxy element for: DefaultElementLocator 'By.xpath: //input[@id='addNewMenu']' is not clickable]]>
            </line>
          </reporter-output>
        </test-method> <!-- validloginlogout_session1 -->
        <test-method status="PASS" signature="closeapp(org.testng.ITestResult)[pri:0, instance:regressiontestscript.Highlevel_regression@4ec6a292]" name="closeapp" is-config="true" duration-ms="285" started-at="2021-03-23T17:15:16Z" finished-at="2021-03-23T17:15:17Z">
          <params>
            <param index="0">
              <value>
                <![CDATA[[TestResult name=validloginlogout_session1 status=FAILURE method=Highlevel_regression.validloginlogout_session1()[pri:0, instance:regressiontestscript.Highlevel_regression@4ec6a292] output=[[FirefoxDriver: firefox on WINDOWS (6e80a32b-abb1-4db8-90f7-60c5346de425)] -> xpath: //input[@id='Email']] found]]]>
              </value>
            </param>
          </params>
          <reporter-output>
          </reporter-output>
        </test-method> <!-- closeapp -->
      </class> <!-- regressiontestscript.Highlevel_regression -->
    </test> <!-- Test on firefox -->
  </suite> <!-- Default suite -->
</testng-results>
